20:00:53 [INFO] osint_agent: Starting Agentic Loop....
20:00:53 [INFO] osint_agent: Objective: Identify the key capabilities of the BMW M4.
20:00:53 [INFO] osint_agent: Log file: logs\osint_20260420_200052.log
20:00:53 [INFO] google_genai.models: AFC is enabled with max remote calls: 10.
20:00:55 [INFO] httpx: HTTP Request: POST https://api.tavily.com/search "HTTP/1.1 200 OK"
20:00:56 [INFO] osint_agent: Scraping: https://en.wikipedia.org/wiki/BMW_M4
20:01:01 [INFO] osint_agent: Scraping: https://www.bmw.com.sg/en/all-models/m-series/bmw-4-series-m-models/bmw-m4-coupe-technical-data.html
20:01:06 [INFO] osint_agent: Scraping: https://www.youtube.com/watch?v=gyRmw1pKVGg
20:01:10 [INFO] httpx: HTTP Request: POST https://api.tavily.com/search "HTTP/1.1 200 OK"
20:01:11 [INFO] osint_agent: Scraping: https://cars.usnews.com/cars-trucks/bmw/m4/2024/performance
20:01:11 [WARNING] osint_agent: Failed to scrape https://cars.usnews.com/cars-trucks/bmw/m4/2024/performance: Page.goto: net::ERR_HTTP2_PROTOCOL_ERROR at https://cars.usnews.com/cars-trucks/bmw/m4/2024/performance
Call log:
  - navigating to "https://cars.usnews.com/cars-trucks/bmw/m4/2024/performance", waiting until "networkidle"

20:01:12 [INFO] osint_agent: Scraping: https://www.facebook.com/groups/bmw.m.group/posts/3178032508994969/
20:01:16 [INFO] httpx: HTTP Request: POST https://api.tavily.com/search "HTTP/1.1 200 OK"
20:01:17 [INFO] osint_agent: Scraping: https://www.bmwofowingsmills.com/2025-bmw-m4-review-specs-features/
20:02:37 [WARNING] osint_agent: Failed to scrape https://www.bmwofowingsmills.com/2025-bmw-m4-review-specs-features/: Page.goto: Timeout 80000ms exceeded.
Call log:
  - navigating to "https://www.bmwofowingsmills.com/2025-bmw-m4-review-specs-features/", waiting until "networkidle"

20:02:39 [INFO] osint_agent: Scraping: https://www.facebook.com/groups/365197387202981/posts/2853269225062439/
20:02:43 [INFO] osint_agent: Scraping: https://www.kingsportbmw.com/blog/2025/february/5/experience-the-ultimate-driving-machine-2025-bmw-m4-performance-features.htm
20:02:50 [INFO] google_genai.models: AFC is enabled with max remote calls: 10.
20:02:51 [INFO] google_genai.models: AFC is enabled with max remote calls: 10.
20:02:54 [INFO] osint_agent: ---Run Complete---
